Started GET "/users/new" for ::1 at 2019-05-28 12:15:43 -0400

PG::ConnectionBad - FATAL:  database "SoundProud_development" does not exist
:

Started GET "/" for ::1 at 2019-05-28 12:15:45 -0400

PG::ConnectionBad - FATAL:  database "SoundProud_development" does not exist
:

Started POST "/__better_errors/401e8366969bc629/variables" for ::1 at 2019-05-28 12:15:45 -0400
Started GET "/users/new" for ::1 at 2019-05-28 13:06:31 -0400

PG::ConnectionBad - FATAL:  database "SoundProud_development" does not exist
:

  [1m[35m (685.0ms)[0m  [1m[35mCREATE DATABASE "SoundProud_development" ENCODING = 'unicode'[0m
  ↳ bin/rails:9
  [1m[35m (504.0ms)[0m  [1m[35mCREATE DATABASE "SoundProud_test" ENCODING = 'unicode'[0m
  ↳ bin/rails:9
Started GET "/" for ::1 at 2019-05-28 13:07:04 -0400
Processing by Rails::WelcomeController#index as HTML
  Rendering /Users/orenshafir/.rbenv/versions/2.5.1/lib/ruby/gems/2.5.0/gems/railties-5.2.3/lib/rails/templates/rails/welcome/index.html.erb
  Rendered /Users/orenshafir/.rbenv/versions/2.5.1/lib/ruby/gems/2.5.0/gems/railties-5.2.3/lib/rails/templates/rails/welcome/index.html.erb (5.5ms)
Completed 200 OK in 20ms (Views: 13.0ms | ActiveRecord: 0.0ms)


Started GET "/" for ::1 at 2019-05-28 13:07:07 -0400
Processing by Rails::WelcomeController#index as HTML
  Rendering /Users/orenshafir/.rbenv/versions/2.5.1/lib/ruby/gems/2.5.0/gems/railties-5.2.3/lib/rails/templates/rails/welcome/index.html.erb
  Rendered /Users/orenshafir/.rbenv/versions/2.5.1/lib/ruby/gems/2.5.0/gems/railties-5.2.3/lib/rails/templates/rails/welcome/index.html.erb (4.8ms)
Completed 200 OK in 13ms (Views: 8.5ms | ActiveRecord: 0.0ms)


Started GET "/" for ::1 at 2019-05-28 13:09:57 -0400
Processing by Rails::WelcomeController#index as HTML
  Rendering /Users/orenshafir/.rbenv/versions/2.5.1/lib/ruby/gems/2.5.0/gems/railties-5.2.3/lib/rails/templates/rails/welcome/index.html.erb
  Rendered /Users/orenshafir/.rbenv/versions/2.5.1/lib/ruby/gems/2.5.0/gems/railties-5.2.3/lib/rails/templates/rails/welcome/index.html.erb (3.5ms)
Completed 200 OK in 13ms (Views: 8.1ms | ActiveRecord: 0.0ms)


Started GET "/" for ::1 at 2019-05-28 13:10:04 -0400
Processing by Rails::WelcomeController#index as HTML
  Rendering /Users/orenshafir/.rbenv/versions/2.5.1/lib/ruby/gems/2.5.0/gems/railties-5.2.3/lib/rails/templates/rails/welcome/index.html.erb
  Rendered /Users/orenshafir/.rbenv/versions/2.5.1/lib/ruby/gems/2.5.0/gems/railties-5.2.3/lib/rails/templates/rails/welcome/index.html.erb (3.0ms)
Completed 200 OK in 13ms (Views: 7.0ms | ActiveRecord: 0.0ms)


Started GET "/" for ::1 at 2019-05-28 13:10:29 -0400
Processing by Rails::WelcomeController#index as HTML
  Rendering /Users/orenshafir/.rbenv/versions/2.5.1/lib/ruby/gems/2.5.0/gems/railties-5.2.3/lib/rails/templates/rails/welcome/index.html.erb
  Rendered /Users/orenshafir/.rbenv/versions/2.5.1/lib/ruby/gems/2.5.0/gems/railties-5.2.3/lib/rails/templates/rails/welcome/index.html.erb (3.0ms)
Completed 200 OK in 11ms (Views: 7.5ms | ActiveRecord: 0.0ms)


Started GET "/" for ::1 at 2019-05-28 13:11:17 -0400
Processing by StaticPagesController#root as HTML
  Rendering static_pages/root.html.erb within layouts/application
  Rendered static_pages/root.html.erb within layouts/application (0.3ms)
Completed 200 OK in 1814ms (Views: 1811.0ms | ActiveRecord: 0.0ms)


  [1m[35m (97.0ms)[0m  [1m[35mCREATE TABLE "schema_migrations" ("version" character varying NOT NULL PRIMARY KEY)[0m
  ↳ bin/rails:9
  [1m[35m (40.8ms)[0m  [1m[35mCREATE TABLE "ar_internal_metadata" ("key" character varying NOT NULL PRIMARY KEY, "value" character varying, "created_at" timestamp NOT NULL, "updated_at" timestamp NOT NULL)[0m
  ↳ bin/rails:9
  [1m[35m (1.7ms)[0m  [1m[34mSELECT pg_try_advisory_lock(3697248837647799420)[0m
  ↳ bin/rails:9
  [1m[35m (1.9ms)[0m  [1m[34mSELECT "schema_migrations"."version" FROM "schema_migrations" ORDER BY "schema_migrations"."version" ASC[0m
  ↳ bin/rails:9
Migrating to CreateUsers (20190528172912)
  [1m[35m (41.8ms)[0m  [1m[35mBEGIN[0m
  ↳ bin/rails:9
  [1m[35m (12.3ms)[0m  [1m[35mCREATE TABLE "users" ("id" bigserial primary key, "username" character varying NOT NULL, "email" character varying NOT NULL, "password_digest" character varying NOT NULL, "session_token" character varying NOT NULL, "created_at" timestamp NOT NULL, "updated_at" timestamp NOT NULL)[0m
  ↳ db/migrate/20190528172912_create_users.rb:3
  [1m[35m (3.2ms)[0m  [1m[35mCREATE  INDEX  "index_users_on_username" ON "users"  ("username")[0m
  ↳ db/migrate/20190528172912_create_users.rb:11
  [1m[35m (1.4ms)[0m  [1m[35mCREATE  INDEX  "index_users_on_session_token" ON "users"  ("session_token")[0m
  ↳ db/migrate/20190528172912_create_users.rb:12
  [1m[36mActiveRecord::SchemaMigration Create (4.8ms)[0m  [1m[32mINSERT INTO "schema_migrations" ("version") VALUES ($1) RETURNING "version"[0m  [["version", "20190528172912"]]
  ↳ bin/rails:9
  [1m[35m (0.4ms)[0m  [1m[35mCOMMIT[0m
  ↳ bin/rails:9
  [1m[36mActiveRecord::InternalMetadata Load (0.8ms)[0m  [1m[34mSELECT  "ar_internal_metadata".* FROM "ar_internal_metadata" WHERE "ar_internal_metadata"."key" = $1 LIMIT $2[0m  [["key", "environment"], ["LIMIT", 1]]
  ↳ bin/rails:9
  [1m[35m (0.2ms)[0m  [1m[35mBEGIN[0m
  ↳ bin/rails:9
  [1m[36mActiveRecord::InternalMetadata Create (2.5ms)[0m  [1m[32mINSERT INTO "ar_internal_metadata" ("key", "value", "created_at", "updated_at") VALUES ($1, $2, $3, $4) RETURNING "key"[0m  [["key", "environment"], ["value", "development"], ["created_at", "2019-05-28 17:33:54.503084"], ["updated_at", "2019-05-28 17:33:54.503084"]]
  ↳ bin/rails:9
  [1m[35m (0.4ms)[0m  [1m[35mCOMMIT[0m
  ↳ bin/rails:9
  [1m[35m (0.3ms)[0m  [1m[34mSELECT pg_advisory_unlock(3697248837647799420)[0m
  ↳ bin/rails:9
  [1m[35m (1.1ms)[0m  [1m[34mSELECT "schema_migrations"."version" FROM "schema_migrations" ORDER BY "schema_migrations"."version" ASC[0m
  ↳ bin/rails:9
  [1m[35m (1.0ms)[0m  [1m[34mSELECT "schema_migrations"."version" FROM "schema_migrations" ORDER BY "schema_migrations"."version" ASC[0m
  ↳ /Users/orenshafir/.rbenv/versions/2.5.1/bin/annotate:23
Started GET "/" for ::1 at 2019-05-28 14:52:41 -0400
  [1m[35m (1.9ms)[0m  [1m[34mSELECT "schema_migrations"."version" FROM "schema_migrations" ORDER BY "schema_migrations"."version" ASC[0m
  ↳ /Users/orenshafir/.rbenv/versions/2.5.1/lib/ruby/gems/2.5.0/gems/activerecord-5.2.3/lib/active_record/log_subscriber.rb:98
Processing by StaticPagesController#root as HTML
  Rendering static_pages/root.html.erb within layouts/application
  Rendered static_pages/root.html.erb within layouts/application (1.8ms)
Completed 200 OK in 1485ms (Views: 1482.1ms | ActiveRecord: 0.0ms)


Started GET "/" for ::1 at 2019-05-28 14:53:07 -0400
Processing by StaticPagesController#root as HTML
  Rendering static_pages/root.html.erb within layouts/application
  Rendered static_pages/root.html.erb within layouts/application (1.0ms)
Completed 200 OK in 190ms (Views: 187.6ms | ActiveRecord: 0.0ms)


Started GET "/" for ::1 at 2019-05-28 14:58:44 -0400
Processing by StaticPagesController#root as HTML
  Rendering static_pages/root.html.erb within layouts/application
  Rendered static_pages/root.html.erb within layouts/application (0.4ms)
Completed 200 OK in 30ms (Views: 28.0ms | ActiveRecord: 0.0ms)


Started GET "/" for ::1 at 2019-05-28 14:58:51 -0400
Processing by StaticPagesController#root as HTML
  Rendering static_pages/root.html.erb within layouts/application
  Rendered static_pages/root.html.erb within layouts/application (0.4ms)
Completed 200 OK in 48ms (Views: 45.7ms | ActiveRecord: 0.0ms)


Started POST "/api/users" for ::1 at 2019-05-28 15:01:07 -0400
Processing by Api::UsersController#create as JSON
  Parameters: {"user"=>{"username"=>"orenshaf", "email"=>"orenshaf@gmail.com", "password"=>"[FILTERED]"}}
Completed 500 Internal Server Error in 6ms (ActiveRecord: 0.0ms)



SyntaxError - syntax error, unexpected tSYMBEG, expecting keyword_do or '{' or '('
    validates :session_token, presence: true...
              ^
/Users/orenshafir/Desktop/FinalProject/SoundProud/app/models/user.rb:17: Can't assign to true
...:session_token, presence: true, uniqueness: true
...                              ^:
  app/models/user.rb:17:in `'
  app/controllers/api/users_controller.rb:3:in `create'

Started POST "/api/users" for ::1 at 2019-05-28 15:01:10 -0400
Processing by Api::UsersController#create as JSON
  Parameters: {"user"=>{"username"=>"orenshaf", "email"=>"orenshaf@gmail.com", "password"=>"[FILTERED]"}}
Completed 500 Internal Server Error in 3ms (ActiveRecord: 0.0ms)



SyntaxError - syntax error, unexpected tSYMBEG, expecting keyword_do or '{' or '('
    validates :session_token, presence: true...
              ^
/Users/orenshafir/Desktop/FinalProject/SoundProud/app/models/user.rb:17: Can't assign to true
...:session_token, presence: true, uniqueness: true
...                              ^:
  app/models/user.rb:17:in `'
  app/controllers/api/users_controller.rb:3:in `create'

Started GET "/" for ::1 at 2019-05-28 15:01:53 -0400
Processing by StaticPagesController#root as HTML
  Rendering static_pages/root.html.erb within layouts/application
  Rendered static_pages/root.html.erb within layouts/application (0.3ms)
Completed 200 OK in 32ms (Views: 29.2ms | ActiveRecord: 0.0ms)


Started POST "/api/users" for ::1 at 2019-05-28 15:01:59 -0400
Processing by Api::UsersController#create as JSON
  Parameters: {"user"=>{"username"=>"orenshaf", "email"=>"orenshaf@gmail.com", "password"=>"[FILTERED]"}}
  [1m[35m (0.2ms)[0m  [1m[35mBEGIN[0m
  ↳ app/controllers/api/users_controller.rb:5
  [1m[36mUser Exists (30.0ms)[0m  [1m[34mSELECT  1 AS one FROM "users" WHERE "users"."email" = $1 LIMIT $2[0m  [["email", "orenshaf@gmail.com"], ["LIMIT", 1]]
  ↳ app/controllers/api/users_controller.rb:5
  [1m[36mUser Exists (0.7ms)[0m  [1m[34mSELECT  1 AS one FROM "users" WHERE "users"."session_token" = $1 LIMIT $2[0m  [["session_token", "r5l2EUrxcE5u8L95DqH2JA"], ["LIMIT", 1]]
  ↳ app/controllers/api/users_controller.rb:5
  [1m[36mUser Create (1.7ms)[0m  [1m[32mINSERT INTO "users" ("username", "email", "password_digest", "session_token", "created_at", "updated_at") VALUES ($1, $2, $3, $4, $5, $6) RETURNING "id"[0m  [["username", "orenshaf"], ["email", "orenshaf@gmail.com"], ["password_digest", "$2a$10$6NztDQMoUHSEXMqZcO/9p.gr5BPG4gpxM/u.uFLDsRbH4q/cbsuRW"], ["session_token", "r5l2EUrxcE5u8L95DqH2JA"], ["created_at", "2019-05-28 19:02:00.137306"], ["updated_at", "2019-05-28 19:02:00.137306"]]
  ↳ app/controllers/api/users_controller.rb:5
  [1m[35m (0.7ms)[0m  [1m[35mCOMMIT[0m
  ↳ app/controllers/api/users_controller.rb:5
Completed 500 Internal Server Error in 462ms (ActiveRecord: 87.2ms)



NameError - undefined local variable or method `user' for #<Api::UsersController:0x00007fda243c9820>
Did you mean?  @user:
  app/controllers/api/users_controller.rb:6:in `create'

Started GET "/" for ::1 at 2019-05-28 15:02:17 -0400
Processing by StaticPagesController#root as HTML
  Rendering static_pages/root.html.erb within layouts/application
  Rendered static_pages/root.html.erb within layouts/application (0.4ms)
Completed 200 OK in 25ms (Views: 21.7ms | ActiveRecord: 0.0ms)


Started POST "/api/users" for ::1 at 2019-05-28 15:02:21 -0400
Processing by Api::UsersController#create as JSON
  Parameters: {"user"=>{"username"=>"orenshaf", "email"=>"orenshaf@gmail.com", "password"=>"[FILTERED]"}}
  [1m[35m (0.2ms)[0m  [1m[35mBEGIN[0m
  ↳ app/controllers/api/users_controller.rb:5
  [1m[36mUser Exists (0.6ms)[0m  [1m[34mSELECT  1 AS one FROM "users" WHERE "users"."email" = $1 LIMIT $2[0m  [["email", "orenshaf@gmail.com"], ["LIMIT", 1]]
  ↳ app/controllers/api/users_controller.rb:5
  [1m[36mUser Exists (43.0ms)[0m  [1m[34mSELECT  1 AS one FROM "users" WHERE "users"."session_token" = $1 LIMIT $2[0m  [["session_token", "vaAqs5lYAbh_tSH9jFlWqg"], ["LIMIT", 1]]
  ↳ app/controllers/api/users_controller.rb:5
  [1m[35m (0.6ms)[0m  [1m[31mROLLBACK[0m
  ↳ app/controllers/api/users_controller.rb:5
Completed 422 Unprocessable Entity in 158ms (Views: 0.3ms | ActiveRecord: 54.6ms)


Started POST "/api/users" for ::1 at 2019-05-28 15:02:45 -0400
Processing by Api::UsersController#create as JSON
  Parameters: {"user"=>{"username"=>"orenshaf", "email"=>"orenshaf@gmail.com", "password"=>"[FILTERED]"}}
  [1m[35m (0.2ms)[0m  [1m[35mBEGIN[0m
  ↳ app/controllers/api/users_controller.rb:5
  [1m[36mUser Exists (0.6ms)[0m  [1m[34mSELECT  1 AS one FROM "users" WHERE "users"."email" = $1 LIMIT $2[0m  [["email", "orenshaf@gmail.com"], ["LIMIT", 1]]
  ↳ app/controllers/api/users_controller.rb:5
  [1m[36mUser Exists (0.6ms)[0m  [1m[34mSELECT  1 AS one FROM "users" WHERE "users"."session_token" = $1 LIMIT $2[0m  [["session_token", "6kJpoI-oCCohd_ereirN7Q"], ["LIMIT", 1]]
  ↳ app/controllers/api/users_controller.rb:5
  [1m[35m (0.3ms)[0m  [1m[31mROLLBACK[0m
  ↳ app/controllers/api/users_controller.rb:5
Completed 422 Unprocessable Entity in 77ms (Views: 0.3ms | ActiveRecord: 1.6ms)


Started POST "/api/users" for ::1 at 2019-05-28 15:03:36 -0400
Processing by Api::UsersController#create as JSON
  Parameters: {"user2"=>{"username"=>"orenshaf2", "email"=>"orenshaf2@gmail.com", "password"=>"[FILTERED]"}}
Completed 400 Bad Request in 11ms (ActiveRecord: 0.0ms)



ActionController::ParameterMissing - param is missing or the value is empty: user:
  app/controllers/api/users_controller.rb:16:in `user_params'
  app/controllers/api/users_controller.rb:3:in `create'

Started POST "/api/users" for ::1 at 2019-05-28 15:04:15 -0400
Processing by Api::UsersController#create as JSON
  Parameters: {"user"=>{"username"=>"orenshaf2", "email"=>"orenshaf2@gmail.com", "password"=>"[FILTERED]"}}
  [1m[35m (0.2ms)[0m  [1m[35mBEGIN[0m
  ↳ app/controllers/api/users_controller.rb:5
  [1m[36mUser Exists (0.4ms)[0m  [1m[34mSELECT  1 AS one FROM "users" WHERE "users"."email" = $1 LIMIT $2[0m  [["email", "orenshaf2@gmail.com"], ["LIMIT", 1]]
  ↳ app/controllers/api/users_controller.rb:5
  [1m[36mUser Exists (0.4ms)[0m  [1m[34mSELECT  1 AS one FROM "users" WHERE "users"."session_token" = $1 LIMIT $2[0m  [["session_token", "aBw5Xn0smT-mLoEL_BXJpQ"], ["LIMIT", 1]]
  ↳ app/controllers/api/users_controller.rb:5
  [1m[36mUser Create (0.7ms)[0m  [1m[32mINSERT INTO "users" ("username", "email", "password_digest", "session_token", "created_at", "updated_at") VALUES ($1, $2, $3, $4, $5, $6) RETURNING "id"[0m  [["username", "orenshaf2"], ["email", "orenshaf2@gmail.com"], ["password_digest", "$2a$10$32dNfPte7HWcA9yHQPObZunzDDLXG0XL4fmqrhYQjIdDdGEapOcvK"], ["session_token", "aBw5Xn0smT-mLoEL_BXJpQ"], ["created_at", "2019-05-28 19:04:15.586303"], ["updated_at", "2019-05-28 19:04:15.586303"]]
  ↳ app/controllers/api/users_controller.rb:5
  [1m[35m (1.9ms)[0m  [1m[35mCOMMIT[0m
  ↳ app/controllers/api/users_controller.rb:5
  [1m[35m (0.2ms)[0m  [1m[35mBEGIN[0m
  ↳ app/models/user.rb:46
  [1m[36mUser Exists (0.5ms)[0m  [1m[34mSELECT  1 AS one FROM "users" WHERE "users"."email" = $1 AND "users"."id" != $2 LIMIT $3[0m  [["email", "orenshaf2@gmail.com"], ["id", 2], ["LIMIT", 1]]
  ↳ app/models/user.rb:46
  [1m[36mUser Exists (0.6ms)[0m  [1m[34mSELECT  1 AS one FROM "users" WHERE "users"."session_token" = $1 AND "users"."id" != $2 LIMIT $3[0m  [["session_token", "5kdz2Ad2HMRm6om4c_xNQg"], ["id", 2], ["LIMIT", 1]]
  ↳ app/models/user.rb:46
  [1m[36mUser Update (2.5ms)[0m  [1m[33mUPDATE "users" SET "session_token" = $1, "updated_at" = $2 WHERE "users"."id" = $3[0m  [["session_token", "5kdz2Ad2HMRm6om4c_xNQg"], ["updated_at", "2019-05-28 19:04:15.596624"], ["id", 2]]
  ↳ app/models/user.rb:46
  [1m[35m (0.3ms)[0m  [1m[35mCOMMIT[0m
  ↳ app/models/user.rb:46
  Rendering api/users/show.json.jbuilder
  Rendered api/users/show.json.jbuilder (0.4ms)
Completed 200 OK in 95ms (Views: 8.3ms | ActiveRecord: 7.7ms)


  [1m[36mUser Load (1.8ms)[0m  [1m[34mSELECT "users".* FROM "users"[0m
Started DELETE "/api/session" for ::1 at 2019-05-28 15:05:45 -0400
Processing by Api::SessionsController#destroy as JSON
  [1m[36mUser Load (0.4ms)[0m  [1m[34mSELECT  "users".* FROM "users" WHERE "users"."session_token" = $1 LIMIT $2[0m  [["session_token", "5kdz2Ad2HMRm6om4c_xNQg"], ["LIMIT", 1]]
  ↳ app/controllers/application_controller.rb:9
  [1m[35m (0.2ms)[0m  [1m[35mBEGIN[0m
  ↳ app/models/user.rb:46
  [1m[36mUser Exists (0.4ms)[0m  [1m[34mSELECT  1 AS one FROM "users" WHERE "users"."email" = $1 AND "users"."id" != $2 LIMIT $3[0m  [["email", "orenshaf2@gmail.com"], ["id", 2], ["LIMIT", 1]]
  ↳ app/models/user.rb:46
  [1m[36mUser Exists (0.4ms)[0m  [1m[34mSELECT  1 AS one FROM "users" WHERE "users"."session_token" = $1 AND "users"."id" != $2 LIMIT $3[0m  [["session_token", "8wxKLw0DBUt5XaDfM2sHgQ"], ["id", 2], ["LIMIT", 1]]
  ↳ app/models/user.rb:46
  [1m[36mUser Update (0.5ms)[0m  [1m[33mUPDATE "users" SET "session_token" = $1, "updated_at" = $2 WHERE "users"."id" = $3[0m  [["session_token", "8wxKLw0DBUt5XaDfM2sHgQ"], ["updated_at", "2019-05-28 19:05:46.032108"], ["id", 2]]
  ↳ app/models/user.rb:46
  [1m[35m (39.6ms)[0m  [1m[35mCOMMIT[0m
  ↳ app/models/user.rb:46
  Rendering api/users/show.json.jbuilder
  Rendered api/users/show.json.jbuilder (7.9ms)
Completed 500 Internal Server Error in 69ms (ActiveRecord: 41.8ms)



NoMethodError - undefined method `id' for nil:NilClass:
  app/views/api/users/show.json.jbuilder:1:in `_app_views_api_users_show_json_jbuilder__444333603418337299_70287443694260'
  app/controllers/api/sessions_controller.rb:16:in `destroy'

Started GET "/" for ::1 at 2019-05-28 15:06:16 -0400
Processing by StaticPagesController#root as HTML
  Rendering static_pages/root.html.erb within layouts/application
  Rendered static_pages/root.html.erb within layouts/application (0.6ms)
Completed 200 OK in 35ms (Views: 33.4ms | ActiveRecord: 0.0ms)


Started POST "/api/session" for ::1 at 2019-05-28 15:07:15 -0400
Processing by Api::SessionsController#create as JSON
  Parameters: {"user"=>{"username"=>"orenshaf", "email"=>"orenshaf@gmail.com", "password"=>"[FILTERED]"}}
  [1m[36mUser Load (0.4ms)[0m  [1m[34mSELECT  "users".* FROM "users" WHERE "users"."email" = $1 LIMIT $2[0m  [["email", "orenshaf@gmail.com"], ["LIMIT", 1]]
  ↳ app/models/user.rb:26
  [1m[35m (0.2ms)[0m  [1m[35mBEGIN[0m
  ↳ app/models/user.rb:46
  [1m[36mUser Exists (0.6ms)[0m  [1m[34mSELECT  1 AS one FROM "users" WHERE "users"."email" = $1 AND "users"."id" != $2 LIMIT $3[0m  [["email", "orenshaf@gmail.com"], ["id", 1], ["LIMIT", 1]]
  ↳ app/models/user.rb:46
  [1m[36mUser Exists (0.5ms)[0m  [1m[34mSELECT  1 AS one FROM "users" WHERE "users"."session_token" = $1 AND "users"."id" != $2 LIMIT $3[0m  [["session_token", "aUfQpmrhoZDayOxT9LMnjQ"], ["id", 1], ["LIMIT", 1]]
  ↳ app/models/user.rb:46
  [1m[36mUser Update (0.4ms)[0m  [1m[33mUPDATE "users" SET "session_token" = $1, "updated_at" = $2 WHERE "users"."id" = $3[0m  [["session_token", "aUfQpmrhoZDayOxT9LMnjQ"], ["updated_at", "2019-05-28 19:07:15.766345"], ["id", 1]]
  ↳ app/models/user.rb:46
  [1m[35m (0.6ms)[0m  [1m[35mCOMMIT[0m
  ↳ app/models/user.rb:46
  Rendering api/users/show.json.jbuilder
  Rendered api/users/show.json.jbuilder (0.5ms)
Completed 200 OK in 102ms (Views: 7.3ms | ActiveRecord: 10.2ms)


Started DELETE "/api/session" for ::1 at 2019-05-28 15:07:22 -0400
Processing by Api::SessionsController#destroy as JSON
  [1m[36mUser Load (0.5ms)[0m  [1m[34mSELECT  "users".* FROM "users" WHERE "users"."session_token" = $1 LIMIT $2[0m  [["session_token", "aUfQpmrhoZDayOxT9LMnjQ"], ["LIMIT", 1]]
  ↳ app/controllers/application_controller.rb:9
  [1m[35m (0.2ms)[0m  [1m[35mBEGIN[0m
  ↳ app/models/user.rb:46
  [1m[36mUser Exists (0.6ms)[0m  [1m[34mSELECT  1 AS one FROM "users" WHERE "users"."email" = $1 AND "users"."id" != $2 LIMIT $3[0m  [["email", "orenshaf@gmail.com"], ["id", 1], ["LIMIT", 1]]
  ↳ app/models/user.rb:46
  [1m[36mUser Exists (1.4ms)[0m  [1m[34mSELECT  1 AS one FROM "users" WHERE "users"."session_token" = $1 AND "users"."id" != $2 LIMIT $3[0m  [["session_token", "kNTDHIRD4JpZrV9t8gJajQ"], ["id", 1], ["LIMIT", 1]]
  ↳ app/models/user.rb:46
  [1m[36mUser Update (0.5ms)[0m  [1m[33mUPDATE "users" SET "session_token" = $1, "updated_at" = $2 WHERE "users"."id" = $3[0m  [["session_token", "kNTDHIRD4JpZrV9t8gJajQ"], ["updated_at", "2019-05-28 19:07:22.271215"], ["id", 1]]
  ↳ app/models/user.rb:46
  [1m[35m (0.7ms)[0m  [1m[35mCOMMIT[0m
  ↳ app/models/user.rb:46
  Rendering api/users/show.json.jbuilder
  Rendered api/users/show.json.jbuilder (3.1ms)
Completed 500 Internal Server Error in 30ms (ActiveRecord: 3.8ms)



KeyError - key not found: :id:
  app/views/api/users/show.json.jbuilder:1:in `_app_views_api_users_show_json_jbuilder__444333603418337299_70287443985820'
  app/controllers/api/sessions_controller.rb:17:in `destroy'

Started DELETE "/api/session" for ::1 at 2019-05-28 15:08:00 -0400
Processing by Api::SessionsController#destroy as JSON
  [1m[36mUser Load (0.6ms)[0m  [1m[34mSELECT  "users".* FROM "users" WHERE "users"."session_token" = $1 LIMIT $2[0m  [["session_token", "aUfQpmrhoZDayOxT9LMnjQ"], ["LIMIT", 1]]
  ↳ app/controllers/application_controller.rb:9
Completed 404 Not Found in 2ms (Views: 0.2ms | ActiveRecord: 0.6ms)


Started GET "/" for ::1 at 2019-05-28 15:09:40 -0400
Processing by StaticPagesController#root as HTML
  Rendering static_pages/root.html.erb within layouts/application
  Rendered static_pages/root.html.erb within layouts/application (0.3ms)
Completed 200 OK in 34ms (Views: 31.5ms | ActiveRecord: 0.0ms)


Started POST "/api/session" for ::1 at 2019-05-28 15:09:51 -0400
Processing by Api::SessionsController#create as JSON
  Parameters: {"user"=>{"username"=>"orenshaf", "email"=>"orenshaf@gmail.com", "password"=>"[FILTERED]"}}
  [1m[36mUser Load (0.5ms)[0m  [1m[34mSELECT  "users".* FROM "users" WHERE "users"."email" = $1 LIMIT $2[0m  [["email", "orenshaf@gmail.com"], ["LIMIT", 1]]
  ↳ app/models/user.rb:26
  [1m[35m (0.2ms)[0m  [1m[35mBEGIN[0m
  ↳ app/models/user.rb:46
  [1m[36mUser Exists (0.5ms)[0m  [1m[34mSELECT  1 AS one FROM "users" WHERE "users"."email" = $1 AND "users"."id" != $2 LIMIT $3[0m  [["email", "orenshaf@gmail.com"], ["id", 1], ["LIMIT", 1]]
  ↳ app/models/user.rb:46
  [1m[36mUser Exists (0.5ms)[0m  [1m[34mSELECT  1 AS one FROM "users" WHERE "users"."session_token" = $1 AND "users"."id" != $2 LIMIT $3[0m  [["session_token", "_BO4Qcd-lKCqL_on-HMQsg"], ["id", 1], ["LIMIT", 1]]
  ↳ app/models/user.rb:46
  [1m[36mUser Update (0.4ms)[0m  [1m[33mUPDATE "users" SET "session_token" = $1, "updated_at" = $2 WHERE "users"."id" = $3[0m  [["session_token", "_BO4Qcd-lKCqL_on-HMQsg"], ["updated_at", "2019-05-28 19:09:51.650299"], ["id", 1]]
  ↳ app/models/user.rb:46
  [1m[35m (0.6ms)[0m  [1m[35mCOMMIT[0m
  ↳ app/models/user.rb:46
  Rendering api/users/show.json.jbuilder
  Rendered api/users/show.json.jbuilder (0.7ms)
Completed 200 OK in 102ms (Views: 7.8ms | ActiveRecord: 11.5ms)


Started DELETE "/api/session" for ::1 at 2019-05-28 15:09:54 -0400
Processing by Api::SessionsController#destroy as JSON
  [1m[36mUser Load (0.5ms)[0m  [1m[34mSELECT  "users".* FROM "users" WHERE "users"."session_token" = $1 LIMIT $2[0m  [["session_token", "_BO4Qcd-lKCqL_on-HMQsg"], ["LIMIT", 1]]
  ↳ app/controllers/application_controller.rb:9
  [1m[35m (0.2ms)[0m  [1m[35mBEGIN[0m
  ↳ app/models/user.rb:46
  [1m[36mUser Exists (0.6ms)[0m  [1m[34mSELECT  1 AS one FROM "users" WHERE "users"."email" = $1 AND "users"."id" != $2 LIMIT $3[0m  [["email", "orenshaf@gmail.com"], ["id", 1], ["LIMIT", 1]]
  ↳ app/models/user.rb:46
  [1m[36mUser Exists (1.1ms)[0m  [1m[34mSELECT  1 AS one FROM "users" WHERE "users"."session_token" = $1 AND "users"."id" != $2 LIMIT $3[0m  [["session_token", "BCECWZZSoMubC0wS-1Nl5w"], ["id", 1], ["LIMIT", 1]]
  ↳ app/models/user.rb:46
  [1m[36mUser Update (0.5ms)[0m  [1m[33mUPDATE "users" SET "session_token" = $1, "updated_at" = $2 WHERE "users"."id" = $3[0m  [["session_token", "BCECWZZSoMubC0wS-1Nl5w"], ["updated_at", "2019-05-28 19:09:54.923126"], ["id", 1]]
  ↳ app/models/user.rb:46
  [1m[35m (1.8ms)[0m  [1m[35mCOMMIT[0m
  ↳ app/models/user.rb:46
Completed 200 OK in 19ms (Views: 0.3ms | ActiveRecord: 4.8ms)


Started GET "/" for ::1 at 2019-05-28 15:24:42 -0400
Processing by StaticPagesController#root as HTML
  Rendering static_pages/root.html.erb within layouts/application
  Rendered static_pages/root.html.erb within layouts/application (1.7ms)
Completed 200 OK in 329ms (Views: 323.7ms | ActiveRecord: 0.0ms)


Started POST "/api/session" for ::1 at 2019-05-28 15:24:55 -0400
Processing by Api::SessionsController#create as JSON
  Parameters: {"user"=>{"username"=>"orenshaf", "email"=>"orenshaf@gmail.com", "password"=>"[FILTERED]"}}
  [1m[36mUser Load (0.8ms)[0m  [1m[34mSELECT  "users".* FROM "users" WHERE "users"."email" = $1 LIMIT $2[0m  [["email", "orenshaf@gmail.com"], ["LIMIT", 1]]
  ↳ app/models/user.rb:26
  [1m[35m (0.3ms)[0m  [1m[35mBEGIN[0m
  ↳ app/models/user.rb:46
  [1m[36mUser Exists (4.9ms)[0m  [1m[34mSELECT  1 AS one FROM "users" WHERE "users"."email" = $1 AND "users"."id" != $2 LIMIT $3[0m  [["email", "orenshaf@gmail.com"], ["id", 1], ["LIMIT", 1]]
  ↳ app/models/user.rb:46
  [1m[36mUser Exists (0.6ms)[0m  [1m[34mSELECT  1 AS one FROM "users" WHERE "users"."session_token" = $1 AND "users"."id" != $2 LIMIT $3[0m  [["session_token", "XogMS-xhoT1rsMQJ7cWIBg"], ["id", 1], ["LIMIT", 1]]
  ↳ app/models/user.rb:46
  [1m[36mUser Update (0.7ms)[0m  [1m[33mUPDATE "users" SET "session_token" = $1, "updated_at" = $2 WHERE "users"."id" = $3[0m  [["session_token", "XogMS-xhoT1rsMQJ7cWIBg"], ["updated_at", "2019-05-28 19:24:55.707596"], ["id", 1]]
  ↳ app/models/user.rb:46
  [1m[35m (2.9ms)[0m  [1m[35mCOMMIT[0m
  ↳ app/models/user.rb:46
  Rendering api/users/show.json.jbuilder
  Rendered api/users/show.json.jbuilder (0.8ms)
Completed 200 OK in 95ms (Views: 8.4ms | ActiveRecord: 10.5ms)


Started POST "/api/session" for ::1 at 2019-05-28 15:25:09 -0400
Processing by Api::SessionsController#create as JSON
  Parameters: {"user"=>{"username"=>"orenshaf", "email"=>"orenshaf@gmail.com", "password"=>"[FILTERED]"}}
  [1m[36mUser Load (0.5ms)[0m  [1m[34mSELECT  "users".* FROM "users" WHERE "users"."email" = $1 LIMIT $2[0m  [["email", "orenshaf@gmail.com"], ["LIMIT", 1]]
  ↳ app/models/user.rb:26
  [1m[35m (0.2ms)[0m  [1m[35mBEGIN[0m
  ↳ app/models/user.rb:46
  [1m[36mUser Exists (0.4ms)[0m  [1m[34mSELECT  1 AS one FROM "users" WHERE "users"."email" = $1 AND "users"."id" != $2 LIMIT $3[0m  [["email", "orenshaf@gmail.com"], ["id", 1], ["LIMIT", 1]]
  ↳ app/models/user.rb:46
  [1m[36mUser Exists (0.7ms)[0m  [1m[34mSELECT  1 AS one FROM "users" WHERE "users"."session_token" = $1 AND "users"."id" != $2 LIMIT $3[0m  [["session_token", "QFqIqs5LfvmnXOCoqY0OkA"], ["id", 1], ["LIMIT", 1]]
  ↳ app/models/user.rb:46
  [1m[36mUser Update (0.6ms)[0m  [1m[33mUPDATE "users" SET "session_token" = $1, "updated_at" = $2 WHERE "users"."id" = $3[0m  [["session_token", "QFqIqs5LfvmnXOCoqY0OkA"], ["updated_at", "2019-05-28 19:25:09.403761"], ["id", 1]]
  ↳ app/models/user.rb:46
  [1m[35m (1.7ms)[0m  [1m[35mCOMMIT[0m
  ↳ app/models/user.rb:46
  Rendering api/users/show.json.jbuilder
  Rendered api/users/show.json.jbuilder (0.6ms)
Completed 200 OK in 80ms (Views: 7.2ms | ActiveRecord: 4.1ms)


Started POST "/api/users" for ::1 at 2019-05-28 15:29:50 -0400
Processing by Api::UsersController#create as JSON
  Parameters: {"user"=>{"username"=>"orenshaf", "email"=>"orenshaf@gmail.com", "password"=>"[FILTERED]"}}
  [1m[35m (0.2ms)[0m  [1m[35mBEGIN[0m
  ↳ app/controllers/api/users_controller.rb:5
  [1m[36mUser Exists (0.4ms)[0m  [1m[34mSELECT  1 AS one FROM "users" WHERE "users"."email" = $1 LIMIT $2[0m  [["email", "orenshaf@gmail.com"], ["LIMIT", 1]]
  ↳ app/controllers/api/users_controller.rb:5
  [1m[36mUser Exists (0.5ms)[0m  [1m[34mSELECT  1 AS one FROM "users" WHERE "users"."session_token" = $1 LIMIT $2[0m  [["session_token", "Ve8Hj8BhOV5yle6BI7F_fg"], ["LIMIT", 1]]
  ↳ app/controllers/api/users_controller.rb:5
  [1m[35m (0.2ms)[0m  [1m[31mROLLBACK[0m
  ↳ app/controllers/api/users_controller.rb:5
Completed 422 Unprocessable Entity in 70ms (Views: 0.3ms | ActiveRecord: 1.3ms)


